ERROR 2016/05/12 11:11:49 Processor                      Request                                  Exception: Service Api Request Side Error!! Component ID: AIForCartService,  Method Name: GetAdditionalItemDetailforShopByCartType,
 InnerException:   Service Api Source Name: ,

  Service Api Destination Name: e10srv,

  Component ID: AIForCartService,

  Method Name: GetAdditionalItemDetailforShopByCartType,

  Input Parameters: [1],

  Request Side Error Message: Request failed.,

  Response Side Error Message: ,

  Response Message: System.AggregateException: One or more errors occurred. ---> System.Net.Http.HttpRequestException: An error occurred while sending the request. ---> System.Net.WebException: Unable to connect to the remote server ---> System.Net.Sockets.SocketException: No connection could be made because the target machine actively refused it 127.0.0.1:50278
   at System.Net.Sockets.Socket.EndConnect(IAsyncResult asyncResult)
   at System.Net.ServicePoint.ConnectSocketInternal(Boolean connectFailure, Socket s4, Socket s6, Socket& socket, IPAddress& address, ConnectSocketState state, IAsyncResult asyncResult, Exception& exception)
   --- End of inner exception stack trace ---
   at System.Net.HttpWebRequest.EndGetRequestStream(IAsyncResult asyncResult, TransportContext& context)
   at System.Net.Http.HttpClientHandler.GetRequestStreamCallback(IAsyncResult ar)
   --- End of inner exception stack trace ---
   --- End of inner exception stack trace ---
   at System.Threading.Tasks.Task.ThrowIfExceptional(Boolean includeTaskCanceledExceptions)
   at System.Threading.Tasks.Task`1.GetResultCore(Boolean waitCompletionNotification)
   at System.Threading.Tasks.Task`1.get_Result()
   at TWNewEgg.Framework.HttpMethod.HttpClientMethod.PostResponse(HttpClient httpClient, String apiPath, String body) in d:\TWNE\NETWWebsite1.0\04_OtherTools\TWNE2.0\TWNewEgg.Framework\TWNewEgg.Framework.HttpMethod\HttpClientMethod.cs:line 190
---> (Inner Exception #0) System.Net.Http.HttpRequestException: An error occurred while sending the request. ---> System.Net.WebException: Unable to connect to the remote server ---> System.Net.Sockets.SocketException: No connection could be made because the target machine actively refused it 127.0.0.1:50278
   at System.Net.Sockets.Socket.EndConnect(IAsyncResult asyncResult)
   at System.Net.ServicePoint.ConnectSocketInternal(Boolean connectFailure, Socket s4, Socket s6, Socket& socket, IPAddress& address, ConnectSocketState state, IAsyncResult asyncResult, Exception& exception)
   --- End of inner exception stack trace ---
   at System.Net.HttpWebRequest.EndGetRequestStream(IAsyncResult asyncResult, TransportContext& context)
   at System.Net.Http.HttpClientHandler.GetRequestStreamCallback(IAsyncResult ar)
   --- End of inner exception stack trace ---<---


INFO  2016/05/12 17:19:01 MyAccountController            Order                                    ACCID36433

INFO  2016/05/12 17:19:08 MyAccountController            Order                                    Body0

INFO  2016/05/12 17:19:08 MyAccountController            Order                                    CodeLBO160506000003

INFO  2016/05/12 17:19:08 MyAccountController            Order                                    Status付款完成

INFO  2016/05/12 17:19:08 MyAccountController            Order                                    PiceSum1298.00

INFO  2016/05/12 17:24:01 MyAccountController            Order                                    ACCID36433

INFO  2016/05/12 17:24:07 MyAccountController            Order                                    Body0

INFO  2016/05/12 17:24:07 MyAccountController            Order                                    CodeLBO160506000003

INFO  2016/05/12 17:24:07 MyAccountController            Order                                    Status付款完成

INFO  2016/05/12 17:24:07 MyAccountController            Order                                    PiceSum1298.00

